[2025-05-20T04:20:18.175Z] ::1 POST /clients
[2025-05-20T04:20:22.294Z] ::1 POST /clients
[2025-05-20T04:20:24.986Z] ::1 POST /clients
[2025-05-20T04:22:39.582Z] ::1 GET /clients
[2025-05-20T04:22:48.356Z] ::1 POST /clients
[2025-05-20T04:22:55.033Z] ::1 POST /clients
[2025-05-20T04:22:58.559Z] ::1 POST /clients
[2025-05-20T04:23:04.010Z] ::1 GET /clients
[2025-05-20T04:23:39.736Z] ::1 GET /logs/errors
[2025-05-20T04:23:39.739Z] ::1 GET /logs/errors - Accessed error logs
[2025-05-20T04:24:43.228Z] ::1 GET /clients/554841
[2025-05-20T04:24:45.039Z] ::1 GET /clients/554841
[2025-05-20T04:24:51.211Z] ::1 GET /clients/554841
[2025-05-20T04:24:52.361Z] ::1 GET /clients/554841
[2025-05-20T08:09:54.689Z] ::1 GET /clients/
[2025-05-20T08:10:03.833Z] ::1 GET /clients/f8d13d66-77fc-4e81-8ebe-3c2c7e7444fa
[2025-05-20T11:33:39.321Z] ::1 POST /clients/
[2025-05-20T11:33:42.360Z] ::1 POST /clients/
[2025-05-20T11:33:59.584Z] ::1 POST /clients/
[2025-05-20T11:34:17.567Z] ::1 POST /clients/
[2025-05-20T11:34:40.624Z] ::1 GET /clients/
[2025-05-20T11:34:58.795Z] ::1 GET /clientss/
[2025-05-20T11:35:23.367Z] ::1 GET /clients/aayush
[2025-05-20T11:35:35.028Z] ::1 POST /clients/aayush
[2025-05-20T11:35:40.671Z] ::1 GET /clients/aayush
[2025-05-20T11:35:47.162Z] ::1 GET /clients/ram
[2025-05-20T11:35:54.144Z] ::1 GET /clients/
[2025-05-20T11:36:03.257Z] ::1 GET /clients/ram
[2025-05-20T11:36:21.334Z] ::1 GET /clients/
[2025-05-20T11:36:34.333Z] ::1 GET /clients/a6f01dab-bf0a-4059-9d2c-ad4e8b501f9b
[2025-05-20T11:37:17.769Z] ::1 GET /routes/log
[2025-05-20T11:37:21.288Z] ::1 GET /log
[2025-05-20T11:38:48.384Z] ::1 GET /logs/errors
[2025-05-20T11:38:48.390Z] ::1 GET /logs/errors - Accessed error logs
[2025-05-20T11:40:52.262Z] ::1 GET /logs/errorsz
[2025-05-20T11:40:54.046Z] ::1 GET /logs/errorsz
[2025-05-20T11:40:55.377Z] ::1 GET /logs/errorsz
[2025-05-20T11:40:56.408Z] ::1 GET /logs/errorsz
[2025-05-20T11:41:00.144Z] ::1 GET /logs/errors
[2025-05-20T11:41:00.145Z] ::1 GET /logs/errors - Accessed error logs
[2025-05-20T11:41:11.569Z] ::1 GET /logs/errors
[2025-05-20T11:41:11.571Z] ::1 GET /logs/errors - Accessed error logs
[2025-05-20T11:41:23.689Z] ::1 POST /clients
[2025-05-20T11:41:25.772Z] ::1 POST /clients
[2025-05-20T11:41:35.872Z] ::1 POST /clients
[2025-05-20T11:41:36.741Z] ::1 POST /clients
[2025-05-20T11:41:37.479Z] ::1 POST /clients
[2025-05-20T11:41:38.475Z] ::1 POST /clients
[2025-05-20T11:41:39.095Z] ::1 POST /clients
[2025-05-20T11:41:40.752Z] ::1 POST /clients
[2025-05-20T11:41:51.871Z] ::1 POST /clients
[2025-05-20T11:41:52.857Z] ::1 POST /clients
[2025-05-20T11:41:53.766Z] ::1 POST /clients
[2025-05-21T05:29:21.527Z] ::1 POST /clients
[2025-05-21T05:29:30.155Z] ::1 POST /clients
[2025-05-21T05:29:47.939Z] ::1 GET /clients
[2025-05-21T05:30:00.315Z] ::1 GET /clients/86881e2b-ee15-4f39-b1a0-280d5745d292
[2025-05-21T05:30:14.431Z] ::1 GET /log/errors
[2025-05-21T05:30:22.419Z] ::1 GET /logs/errors
[2025-05-21T05:30:22.422Z] ::1 GET /logs/errors - Accessed error logs
